[begin]------------------------=
[2013/05/27 18:18:06] [C:/WORKS/WS/WS_Android/CR6(R)/app/controllers/texts_controller.rb: 893]
session['user_id'] => Set
File size=0------------------------=[end]

[begin]------------------------=
[2013/05/27 18:19:17] [C:/WORKS/WS/WS_Android/CR6(R)/app/controllers/texts_controller.rb: 893]
session['user_id'] => Set
File size=202------------------------=[end]

[begin]------------------------=
[2013/05/27 18:19:17] [C:/WORKS/WS/WS_Android/CR6(R)/app/controllers/texts_controller.rb: 893]
session['user_id'] => Set
File size=406------------------------=[end]

[begin]------------------------=
[2013/05/27 18:19:17] [C:/WORKS/WS/WS_Android/CR6(R)/app/controllers/texts_controller.rb: 893]
session['user_id'] => Set
File size=610------------------------=[end]

[begin]------------------------=
[2013/05/27 18:19:17] [C:/WORKS/WS/WS_Android/CR6(R)/app/controllers/texts_controller.rb: 893]
session['user_id'] => Set
File size=814------------------------=[end]

[begin]------------------------=
[2013/05/27 18:19:18] [C:/WORKS/WS/WS_Android/CR6(R)/app/controllers/texts_controller.rb: 893]
session['user_id'] => Set
File size=1018------------------------=[end]

[begin]------------------------=
[2013/05/27 18:19:18] [C:/WORKS/WS/WS_Android/CR6(R)/app/controllers/texts_controller.rb: 893]
session['user_id'] => Set
File size=1223------------------------=[end]

[begin]------------------------=
[2013/05/27 18:19:18] [C:/WORKS/WS/WS_Android/CR6(R)/app/controllers/texts_controller.rb: 893]
session['user_id'] => Set
File size=1428------------------------=[end]

[begin]------------------------=
[2013/05/27 18:19:18] [C:/WORKS/WS/WS_Android/CR6(R)/app/controllers/texts_controller.rb: 893]
session['user_id'] => Set
File size=1633------------------------=[end]

[begin]------------------------=
[2013/05/27 18:19:18] [C:/WORKS/WS/WS_Android/CR6(R)/app/controllers/texts_controller.rb: 893]
session['user_id'] => Set
File size=1838------------------------=[end]

[begin]------------------------=
[2013/05/27 18:19:18] [C:/WORKS/WS/WS_Android/CR6(R)/app/controllers/texts_controller.rb: 893]
session['user_id'] => Set
File size=2043------------------------=[end]

[begin]------------------------=
[2013/05/27 18:19:18] [C:/WORKS/WS/WS_Android/CR6(R)/app/controllers/texts_controller.rb: 893]
session['user_id'] => Set
File size=2248------------------------=[end]

[begin]------------------------=
[2013/05/27 18:19:18] [C:/WORKS/WS/WS_Android/CR6(R)/app/controllers/texts_controller.rb: 893]
session['user_id'] => Set
File size=2453------------------------=[end]

[begin]------------------------=
[2013/05/27 18:19:18] [C:/WORKS/WS/WS_Android/CR6(R)/app/controllers/texts_controller.rb: 893]
session['user_id'] => Set
File size=2658------------------------=[end]

[begin]------------------------=
[2013/05/27 18:19:18] [C:/WORKS/WS/WS_Android/CR6(R)/app/controllers/texts_controller.rb: 893]
session['user_id'] => Set
File size=2863------------------------=[end]

[begin]------------------------=
[2013/05/27 18:19:18] [C:/WORKS/WS/WS_Android/CR6(R)/app/controllers/texts_controller.rb: 893]
session['user_id'] => Set
File size=3068------------------------=[end]

[begin]------------------------=
[2013/05/27 18:19:18] [C:/WORKS/WS/WS_Android/CR6(R)/app/controllers/texts_controller.rb: 893]
session['user_id'] => Set
File size=3273------------------------=[end]

[begin]------------------------=
[2013/05/27 18:19:18] [C:/WORKS/WS/WS_Android/CR6(R)/app/controllers/texts_controller.rb: 893]
session['user_id'] => Set
File size=3478------------------------=[end]

[begin]------------------------=
[2013/05/27 18:19:18] [C:/WORKS/WS/WS_Android/CR6(R)/app/controllers/texts_controller.rb: 893]
session['user_id'] => Set
File size=3683------------------------=[end]

[begin]------------------------=
[2013/05/27 18:19:18] [C:/WORKS/WS/WS_Android/CR6(R)/app/controllers/texts_controller.rb: 893]
session['user_id'] => Set
File size=3888------------------------=[end]

[begin]------------------------=
[2013/05/27 18:19:19] [C:/WORKS/WS/WS_Android/CR6(R)/app/controllers/texts_controller.rb: 893]
session['user_id'] => Set
File size=4093------------------------=[end]

[begin]------------------------=
[2013/05/27 18:20:31] [C:/WORKS/WS/WS_Android/CR6(R)/app/controllers/texts_controller.rb: 893]
session['user_id'] => Set
File size=4298------------------------=[end]

[begin]------------------------=
[2013/05/27 18:20:32] [C:/WORKS/WS/WS_Android/CR6(R)/app/controllers/texts_controller.rb: 893]
session['user_id'] => Set
File size=4503------------------------=[end]

[begin]------------------------=
[2013/05/27 18:20:32] [C:/WORKS/WS/WS_Android/CR6(R)/app/controllers/texts_controller.rb: 893]
session['user_id'] => Set
File size=4708------------------------=[end]

[begin]------------------------=
[2013/05/27 18:20:32] [C:/WORKS/WS/WS_Android/CR6(R)/app/controllers/texts_controller.rb: 893]
session['user_id'] => Set
File size=4913------------------------=[end]

[begin]------------------------=
[2013/05/27 18:20:32] [C:/WORKS/WS/WS_Android/CR6(R)/app/controllers/texts_controller.rb: 893]
session['user_id'] => Set
File size=5118------------------------=[end]

[begin]------------------------=
[2013/05/27 18:20:32] [C:/WORKS/WS/WS_Android/CR6(R)/app/controllers/texts_controller.rb: 893]
session['user_id'] => Set
File size=5323------------------------=[end]

[begin]------------------------=
[2013/05/27 18:20:32] [C:/WORKS/WS/WS_Android/CR6(R)/app/controllers/texts_controller.rb: 893]
session['user_id'] => Set
File size=5528------------------------=[end]

[begin]------------------------=
[2013/05/27 18:20:32] [C:/WORKS/WS/WS_Android/CR6(R)/app/controllers/texts_controller.rb: 893]
session['user_id'] => Set
File size=5733------------------------=[end]

[begin]------------------------=
[2013/05/27 18:20:32] [C:/WORKS/WS/WS_Android/CR6(R)/app/controllers/texts_controller.rb: 893]
session['user_id'] => Set
File size=5938------------------------=[end]

[begin]------------------------=
[2013/05/27 18:20:32] [C:/WORKS/WS/WS_Android/CR6(R)/app/controllers/texts_controller.rb: 893]
session['user_id'] => Set
File size=6143------------------------=[end]

[begin]------------------------=
[2013/05/27 18:20:32] [C:/WORKS/WS/WS_Android/CR6(R)/app/controllers/texts_controller.rb: 893]
session['user_id'] => Set
File size=6348------------------------=[end]

[begin]------------------------=
[2013/05/27 18:20:32] [C:/WORKS/WS/WS_Android/CR6(R)/app/controllers/texts_controller.rb: 893]
session['user_id'] => Set
File size=6553------------------------=[end]

[begin]------------------------=
[2013/05/27 18:20:32] [C:/WORKS/WS/WS_Android/CR6(R)/app/controllers/texts_controller.rb: 893]
session['user_id'] => Set
File size=6758------------------------=[end]

[begin]------------------------=
[2013/05/27 18:20:32] [C:/WORKS/WS/WS_Android/CR6(R)/app/controllers/texts_controller.rb: 893]
session['user_id'] => Set
File size=6963------------------------=[end]

[begin]------------------------=
[2013/05/27 18:20:32] [C:/WORKS/WS/WS_Android/CR6(R)/app/controllers/texts_controller.rb: 893]
session['user_id'] => Set
File size=7168------------------------=[end]

[begin]------------------------=
[2013/05/27 18:20:32] [C:/WORKS/WS/WS_Android/CR6(R)/app/controllers/texts_controller.rb: 893]
session['user_id'] => Set
File size=7373------------------------=[end]

[begin]------------------------=
[2013/05/27 18:20:32] [C:/WORKS/WS/WS_Android/CR6(R)/app/controllers/texts_controller.rb: 893]
session['user_id'] => Set
File size=7578------------------------=[end]

[begin]------------------------=
[2013/05/27 18:20:33] [C:/WORKS/WS/WS_Android/CR6(R)/app/controllers/texts_controller.rb: 893]
session['user_id'] => Set
File size=7783------------------------=[end]

[begin]------------------------=
[2013/05/27 18:20:33] [C:/WORKS/WS/WS_Android/CR6(R)/app/controllers/texts_controller.rb: 893]
session['user_id'] => Set
File size=7988------------------------=[end]

[begin]------------------------=
[2013/05/27 18:20:33] [C:/WORKS/WS/WS_Android/CR6(R)/app/controllers/texts_controller.rb: 893]
session['user_id'] => Set
File size=8193------------------------=[end]

[begin]------------------------=
[2013/08/13 14:13:16] [C:/WORKS/WS/WS_Android_20130619_090924/IFM_R_1/app/controllers/images_controller.rb: 243]
Start: _new__1_data_from_device
File size=8398------------------------=[end]

[begin]------------------------=
[2013/08/13 14:13:16] [C:/WORKS/WS/WS_Android_20130619_090924/IFM_R_1/app/controllers/images_controller.rb: 265]
params['file_name'] => null
File size=8627------------------------=[end]

[begin]------------------------=
[2013/08/13 14:13:16] [C:/WORKS/WS/WS_Android_20130619_090924/IFM_R_1/app/controllers/images_controller.rb: 281]
params['table_name'] => null
File size=8852------------------------=[end]

[begin]------------------------=
[2013/08/13 14:13:16] [C:/WORKS/WS/WS_Android_20130619_090924/IFM_R_1/app/controllers/images_controller.rb: 84]
res=false
File size=9078------------------------=[end]

[begin]------------------------=
[2013/08/13 14:14:51] [C:/WORKS/WS/WS_Android_20130619_090924/IFM_R_1/app/controllers/images_controller.rb: 243]
Start: _new__1_data_from_device
File size=9284------------------------=[end]

[begin]------------------------=
[2013/08/13 14:14:51] [C:/WORKS/WS/WS_Android_20130619_090924/IFM_R_1/app/controllers/images_controller.rb: 265]
params['file_name'] => null
File size=9513------------------------=[end]

[begin]------------------------=
[2013/08/13 14:14:51] [C:/WORKS/WS/WS_Android_20130619_090924/IFM_R_1/app/controllers/images_controller.rb: 281]
params['table_name'] => null
File size=9738------------------------=[end]

[begin]------------------------=
[2013/08/13 14:14:51] [C:/WORKS/WS/WS_Android_20130619_090924/IFM_R_1/app/controllers/images_controller.rb: 84]
res=false
File size=9964------------------------=[end]

